<?xml version="1.0" encoding="utf-8"?>
<!DOCTYPE coverage SYSTEM "http://cobertura.sourceforge.net/xml/coverage-04.dtd">
<coverage line-rate="0.5289256198347108" branch-rate="0.75" lines-covered="64" lines-valid="121" branches-covered="24" branches-valid="32" complexity="NaN" version="0" timestamp="1615953382">
  <sources>
    <source>/home/runner/work/kata-python-minesweeper5/kata-python-minesweeper5</source>
  </sources>
  <packages>
    <package name="src" line-rate="0" branch-rate="0" complexity="NaN">
      <classes>
        <class name="__init__.py" filename="/home/runner/work/kata-python-minesweeper5/kata-python-minesweeper5/src/__init__.py" line-rate="1" branch-rate="1" complexity="NaN">
          <methods />
          <lines />
        </class>
        <class name="app.py" filename="/home/runner/work/kata-python-minesweeper5/kata-python-minesweeper5/src/app.py" line-rate="0" branch-rate="1" complexity="NaN">
          <methods />
          <lines>
            <line number="1" hits="0" branch="false" />
            <line number="2" hits="0" branch="false" />
            <line number="3" hits="0" branch="false" />
            <line number="4" hits="0" branch="false" />
            <line number="5" hits="0" branch="false" />
            <line number="7" hits="0" branch="false" />
            <line number="8" hits="0" branch="false" />
            <line number="9" hits="0" branch="false" />
            <line number="12" hits="0" branch="false" />
            <line number="13" hits="0" branch="false" />
            <line number="14" hits="0" branch="false" />
            <line number="17" hits="0" branch="false" />
            <line number="18" hits="0" branch="false" />
            <line number="19" hits="0" branch="false" />
            <line number="20" hits="0" branch="false" />
            <line number="21" hits="0" branch="false" />
            <line number="22" hits="0" branch="false" />
            <line number="25" hits="0" branch="false" />
          </lines>
        </class>
        <class name="dependencies.py" filename="/home/runner/work/kata-python-minesweeper5/kata-python-minesweeper5/src/dependencies.py" line-rate="0" branch-rate="0" complexity="NaN">
          <methods />
          <lines>
            <line number="1" hits="0" branch="false" />
            <line number="2" hits="0" branch="false" />
            <line number="3" hits="0" branch="false" />
            <line number="4" hits="0" branch="false" />
            <line number="6" hits="0" branch="false" />
            <line number="9" hits="0" branch="false" />
            <line number="10" hits="0" branch="false" />
            <line number="11" hits="0" branch="false" />
            <line number="12" hits="0" branch="false" />
            <line number="14" hits="0" branch="false" />
            <line number="15" hits="0" branch="false" />
            <line number="16" hits="0" branch="true" condition-coverage="0% (0/2)" />
          </lines>
        </class>
      </classes>
    </package>
    <package name="src.common" line-rate="0" branch-rate="1" complexity="NaN">
      <classes>
        <class name="__init__.py" filename="/home/runner/work/kata-python-minesweeper5/kata-python-minesweeper5/src/common/__init__.py" line-rate="1" branch-rate="1" complexity="NaN">
          <methods />
          <lines />
        </class>
        <class name="functools.py" filename="/home/runner/work/kata-python-minesweeper5/kata-python-minesweeper5/src/common/functools.py" line-rate="0" branch-rate="1" complexity="NaN">
          <methods />
          <lines>
            <line number="1" hits="0" branch="false" />
            <line number="4" hits="0" branch="false" />
            <line number="5" hits="0" branch="false" />
          </lines>
        </class>
      </classes>
    </package>
    <package name="src.minesweeper" line-rate="1" branch-rate="1" complexity="NaN">
      <classes>
        <class name="__init__.py" filename="/home/runner/work/kata-python-minesweeper5/kata-python-minesweeper5/src/minesweeper/__init__.py" line-rate="1" branch-rate="1" complexity="NaN">
          <methods />
          <lines />
        </class>
        <class name="mineitem.py" filename="/home/runner/work/kata-python-minesweeper5/kata-python-minesweeper5/src/minesweeper/mineitem.py" line-rate="1" branch-rate="1" complexity="NaN">
          <methods />
          <lines>
            <line number="1" hits="1" branch="false" />
            <line number="2" hits="1" branch="false" />
            <line number="3" hits="1" branch="false" />
            <line number="4" hits="1" branch="false" />
            <line number="6" hits="1" branch="false" />
            <line number="7" hits="1" branch="false" />
            <line number="9" hits="1" branch="false" />
            <line number="10" hits="1" branch="false" />
            <line number="11" hits="1" branch="true" condition-coverage="100% (2/2)" />
            <line number="12" hits="1" branch="false" />
            <line number="14" hits="1" branch="false" />
            <line number="15" hits="1" branch="false" />
            <line number="16" hits="1" branch="false" />
            <line number="18" hits="1" branch="false" />
            <line number="19" hits="1" branch="true" condition-coverage="100% (2/2)" />
            <line number="20" hits="1" branch="false" />
            <line number="21" hits="1" branch="true" condition-coverage="100% (2/2)" />
            <line number="22" hits="1" branch="false" />
            <line number="23" hits="1" branch="false" />
            <line number="25" hits="1" branch="false" />
            <line number="26" hits="1" branch="true" condition-coverage="100% (2/2)" />
            <line number="27" hits="1" branch="false" />
            <line number="28" hits="1" branch="false" />
            <line number="30" hits="1" branch="true" condition-coverage="100% (2/2)" />
            <line number="31" hits="1" branch="true" condition-coverage="100% (2/2)" />
            <line number="32" hits="1" branch="false" />
          </lines>
        </class>
        <class name="minemap.py" filename="/home/runner/work/kata-python-minesweeper5/kata-python-minesweeper5/src/minesweeper/minemap.py" line-rate="1" branch-rate="1" complexity="NaN">
          <methods />
          <lines>
            <line number="1" hits="1" branch="false" />
            <line number="2" hits="1" branch="false" />
            <line number="3" hits="1" branch="false" />
            <line number="4" hits="1" branch="false" />
            <line number="7" hits="1" branch="false" />
            <line number="8" hits="1" branch="false" />
            <line number="9" hits="1" branch="false" />
            <line number="10" hits="1" branch="false" />
            <line number="11" hits="1" branch="false" />
            <line number="17" hits="1" branch="false" />
            <line number="18" hits="1" branch="false" />
            <line number="20" hits="1" branch="true" condition-coverage="100% (2/2)" />
            <line number="21" hits="1" branch="false" />
            <line number="23" hits="1" branch="false" />
            <line number="25" hits="1" branch="false" />
            <line number="32" hits="1" branch="false" />
            <line number="33" hits="1" branch="false" />
            <line number="34" hits="1" branch="true" condition-coverage="100% (2/2)" />
            <line number="40" hits="1" branch="false" />
            <line number="41" hits="1" branch="true" condition-coverage="100% (2/2)" />
            <line number="47" hits="1" branch="true" condition-coverage="100% (2/2)" />
            <line number="48" hits="1" branch="false" />
            <line number="50" hits="1" branch="false" />
            <line number="51" hits="1" branch="false" />
            <line number="53" hits="1" branch="false" />
            <line number="54" hits="1" branch="false" />
            <line number="55" hits="1" branch="false" />
            <line number="56" hits="1" branch="false" />
            <line number="57" hits="1" branch="false" />
            <line number="58" hits="1" branch="false" />
            <line number="59" hits="1" branch="false" />
            <line number="60" hits="1" branch="false" />
            <line number="61" hits="1" branch="false" />
            <line number="63" hits="1" branch="true" condition-coverage="100% (2/2)" />
            <line number="65" hits="1" branch="false" />
            <line number="66" hits="1" branch="true" condition-coverage="100% (2/2)" />
            <line number="68" hits="1" branch="false" />
            <line number="69" hits="1" branch="false" />
          </lines>
        </class>
      </classes>
    </package>
    <package name="src.service" line-rate="0" branch-rate="0" complexity="NaN">
      <classes>
        <class name="__init__.py" filename="/home/runner/work/kata-python-minesweeper5/kata-python-minesweeper5/src/service/__init__.py" line-rate="1" branch-rate="1" complexity="NaN">
          <methods />
          <lines />
        </class>
        <class name="minesweeper.py" filename="/home/runner/work/kata-python-minesweeper5/kata-python-minesweeper5/src/service/minesweeper.py" line-rate="0" branch-rate="0" complexity="NaN">
          <methods />
          <lines>
            <line number="1" hits="0" branch="false" />
            <line number="3" hits="0" branch="false" />
            <line number="4" hits="0" branch="false" />
            <line number="5" hits="0" branch="false" />
            <line number="7" hits="0" branch="false" />
            <line number="9" hits="0" branch="false" />
            <line number="12" hits="0" branch="false" />
            <line number="13" hits="0" branch="true" condition-coverage="0% (0/2)" />
            <line number="14" hits="0" branch="true" condition-coverage="0% (0/2)" />
            <line number="15" hits="0" branch="false" />
            <line number="17" hits="0" branch="false" />
            <line number="20" hits="0" branch="false" />
            <line number="21" hits="0" branch="false" />
            <line number="22" hits="0" branch="false" />
            <line number="23" hits="0" branch="false" />
            <line number="25" hits="0" branch="true" condition-coverage="0% (0/2)" />
            <line number="26" hits="0" branch="false" />
            <line number="27" hits="0" branch="false" />
            <line number="29" hits="0" branch="false" />
            <line number="31" hits="0" branch="false" />
            <line number="32" hits="0" branch="false" />
            <line number="33" hits="0" branch="false" />
            <line number="35" hits="0" branch="false" />
            <line number="36" hits="0" branch="false" />
          </lines>
        </class>
      </classes>
    </package>
  </packages>
</coverage>